<?xml version="1.0" encoding="UTF-8"?>
<!-- Generated by org.testng.reporters.JUnitReportReporter -->
<testsuite hostname="DESKTOP-67JQB34" failures="0" tests="5" name="testscript.LoginPage_Test" time="12.668" errors="0" timestamp="2024-12-12T12:56:13 IST" skipped="0">
  <testcase classname="testscript.LoginPage_Test" name="UserAbleToLoginWithCorrectCredentials" time="3.804"/>
  <testcase classname="testscript.LoginPage_Test" name="UserAbleToLoginWithCorrectCredentials" time="2.634"/>
  <testcase classname="testscript.LoginPage_Test" name="UserAbleToLoginWithCorrectUsernameIncorretPassword" time="1.989"/>
  <testcase classname="testscript.LoginPage_Test" name="UserAbleToLoginWithInCorrectUsernameCorretPassword" time="2.315"/>
  <testcase classname="testscript.LoginPage_Test" name="UserAbleToLoginWithInCorrectUsernameIncorretPassword" time="1.926"/>
</testsuite> <!-- testscript.LoginPage_Test -->
