<?xml version="1.0" encoding="UTF-8"?>
<!-- Generated by org.testng.reporters.JUnitReportReporter -->
<testsuite hostname="DESKTOP-79EU623" failures="0" tests="1" name="testscript.Managecontact_Test" time="9.784" errors="0" timestamp="2024-12-05T11:08:53 IST" skipped="0">
  <testcase classname="testscript.Managecontact_Test" name="userAbleToUpdateContactDetails" time="9.784"/>
  <system-out/>
</testsuite> <!-- testscript.Managecontact_Test -->
