<?xml version="1.0" encoding="UTF-8"?>
<!-- Generated by org.testng.reporters.JUnitReportReporter -->
<testsuite hostname="DESKTOP-79EU623" failures="0" tests="1" name="testscript.Searchuser_Test" time="14.493" errors="0" timestamp="2024-12-05T11:04:48 IST" skipped="0">
  <testcase classname="testscript.Searchuser_Test" name="adminAbleToSearchUser" time="14.493"/>
  <system-out/>
</testsuite> <!-- testscript.Searchuser_Test -->
