<?xml version="1.0" encoding="UTF-8"?>
<!-- Generated by org.testng.reporters.JUnitReportReporter -->
<testsuite hostname="DESKTOP-79EU623" failures="0" tests="4" name="testscript.LoginPage_Test" time="27.653" errors="0" timestamp="2024-12-05T11:03:06 IST" skipped="0">
  <testcase classname="testscript.LoginPage_Test" name="UserAbleToLoginWithCorrectCredentials" time="9.256"/>
  <system-out/>
  <testcase classname="testscript.LoginPage_Test" name="UserAbleToLoginWithCorrectUsernameIncorretPassword" time="4.935"/>
  <system-out/>
  <testcase classname="testscript.LoginPage_Test" name="UserAbleToLoginWithInCorrectUsernameCorretPassword" time="8.173"/>
  <system-out/>
  <testcase classname="testscript.LoginPage_Test" name="UserAbleToLoginWithInCorrectUsernameIncorretPassword" time="5.289"/>
  <system-out/>
</testsuite> <!-- testscript.LoginPage_Test -->
