<?xml version="1.0" encoding="UTF-8"?>
<!-- Generated by org.testng.reporters.JUnitReportReporter -->
<testsuite hostname="DESKTOP-79EU623" failures="0" tests="1" name="testscript.LoginPage_Test" time="2.258" errors="0" timestamp="2024-11-29T13:35:53 IST" skipped="0">
  <testcase classname="testscript.LoginPage_Test" name="UserAbleToLoginWithCorrectCredentials" time="2.258"/>
  <system-out/>
</testsuite> <!-- testscript.LoginPage_Test -->
