<?xml version="1.0" encoding="UTF-8"?>
<!-- Generated by org.testng.reporters.JUnitReportReporter -->
<testsuite hostname="DESKTOP-79EU623" failures="0" tests="1" name="testscript.Searchuser_Test" time="2.863" errors="0" timestamp="2024-11-29T15:38:59 IST" skipped="0">
  <testcase classname="testscript.Searchuser_Test" name="adminAbleToSearchUser" time="2.863"/>
  <system-out/>
</testsuite> <!-- testscript.Searchuser_Test -->
