<?xml version="1.0" encoding="UTF-8"?>
<!-- Generated by org.testng.reporters.JUnitReportReporter -->
<testsuite hostname="DESKTOP-79EU623" failures="0" tests="1" name="testscript.Managenews_Test" time="8.922" errors="0" timestamp="2024-12-05T11:11:14 IST" skipped="0">
  <testcase classname="testscript.Managenews_Test" name="userAbleToAddNewNews" time="8.922"/>
  <system-out/>
</testsuite> <!-- testscript.Managenews_Test -->
