<?xml version="1.0" encoding="UTF-8"?>
<!-- Generated by org.testng.reporters.JUnitReportReporter -->
<testsuite hostname="DESKTOP-79EU623" failures="0" tests="1" name="testscript.AdminAddCategory_Test" time="3.959" errors="0" timestamp="2024-12-05T14:50:42 IST" skipped="0">
  <testcase classname="testscript.AdminAddCategory_Test" name="UserAbleToAddCategory" time="3.959"/>
  <system-out/>
</testsuite> <!-- testscript.AdminAddCategory_Test -->
