<?xml version="1.0" encoding="UTF-8"?>
<!-- Generated by org.testng.reporters.JUnitReportReporter -->
<testsuite hostname="DESKTOP-67JQB34" failures="0" tests="1" name="testscript.LoginPage_Test" time="16.000" errors="0" timestamp="2024-12-19T15:48:47 IST" skipped="0">
  <testcase classname="testscript.LoginPage_Test" name="UserAbleToLoginWithCorrectUsernameIncorretPassword" time="16.000"/>
</testsuite> <!-- testscript.LoginPage_Test -->
