<?xml version="1.0" encoding="UTF-8"?>
<!-- Generated by org.testng.reporters.JUnitReportReporter -->
<testsuite hostname="DESKTOP-79EU623" failures="0" tests="1" name="testscript.HomePage_test" time="7.850" errors="0" timestamp="2024-12-05T11:00:56 IST" skipped="0">
  <testcase classname="testscript.HomePage_test" name="UserAbleToLogout" time="7.850"/>
  <system-out/>
</testsuite> <!-- testscript.HomePage_test -->
