<?xml version="1.0" encoding="UTF-8"?>
<!-- Generated by org.testng.reporters.JUnitReportReporter -->
<testsuite hostname="DESKTOP-67JQB34" failures="0" tests="1" name="testscript.SubCategory_Test" time="7.271" errors="0" timestamp="2024-12-09T11:37:12 IST" skipped="0">
  <testcase classname="testscript.SubCategory_Test" name="userAbleToaddCAtegory" time="7.271"/>
</testsuite> <!-- testscript.SubCategory_Test -->
