<?xml version="1.0" encoding="UTF-8"?>
<!-- Generated by org.testng.reporters.JUnitReportReporter -->
<testsuite hostname="DESKTOP-67JQB34" failures="0" tests="1" name="testscript.HomePage_test" time="29.884" errors="0" timestamp="2024-12-09T12:07:45 IST" skipped="0">
  <testcase classname="testscript.HomePage_test" name="UserAbleToLogout" time="29.884"/>
</testsuite> <!-- testscript.HomePage_test -->
