<?xml version="1.0" encoding="UTF-8"?>
<!-- Generated by org.testng.reporters.JUnitReportReporter -->
<testsuite hostname="DESKTOP-79EU623" failures="0" tests="1" name="testscript.ManageFooter_Test" time="4.683" errors="0" timestamp="2024-12-05T11:53:17 IST" skipped="0">
  <testcase classname="testscript.ManageFooter_Test" name="userAbleToManageFooter" time="4.683"/>
  <system-out/>
</testsuite> <!-- testscript.ManageFooter_Test -->
