<?xml version="1.0" encoding="UTF-8"?>
<!-- Generated by org.testng.reporters.JUnitReportReporter -->
<testsuite hostname="DESKTOP-67JQB34" failures="0" tests="2" name="testscript.LoginPage_Test" time="8.673" errors="0" timestamp="2024-12-11T22:07:31 IST" skipped="0">
  <testcase classname="testscript.LoginPage_Test" name="UserAbleToLoginWithCorrectCredentials" time="5.927"/>
  <testcase classname="testscript.LoginPage_Test" name="UserAbleToLoginWithCorrectCredentials" time="2.746"/>
</testsuite> <!-- testscript.LoginPage_Test -->
