<?xml version="1.0" encoding="UTF-8"?>
<!-- Generated by org.testng.reporters.JUnitReportReporter -->
<testsuite hostname="DESKTOP-79EU623" failures="0" tests="1" name="testscript.SubCategory_Test" time="87.530" errors="0" timestamp="2024-12-05T17:48:34 IST" skipped="0">
  <testcase classname="testscript.SubCategory_Test" name="userAbleToaddCAtegory" time="87.530"/>
  <system-out/>
</testsuite> <!-- testscript.SubCategory_Test -->
