<?xml version="1.0" encoding="UTF-8"?>
<!-- Generated by org.testng.reporters.JUnitReportReporter -->
<testsuite hostname="DESKTOP-79EU623" failures="0" tests="1" name="testscript.ManageCategory_Test" time="43.573" errors="0" timestamp="2024-12-05T19:19:21 IST" skipped="0">
  <testcase classname="testscript.ManageCategory_Test" name="userAbleTomanageCategory" time="43.573"/>
  <system-out/>
</testsuite> <!-- testscript.ManageCategory_Test -->
